---
Failing tests stats
---
TestRendezvousDiscovery: 85.0% (17 of 20 failed)
TestMessengerCommunitiesTokenPermissionsSuite: 80.0% (16 of 20 failed)
TestMessengerCommunitiesTokenPermissionsSuite/TestReevaluateMemberTokenMasterRoleInClosedCommunity: 35.0% (7 of 20 failed)
TestMessengerCommunitiesTokenPermissionsSuite/TestJoinCommunityAsAdminWithMemberAndAdminPermission: 30.0% (6 of 20 failed)
TestMessengerCommunitiesTokenPermissionsSuite/TestReevaluateMemberAdminRoleInOpenCommunity: 25.0% (5 of 20 failed)
TestMessengerCommunitiesTokenPermissionsSuite/TestViewChannelPermissions/viewers_are_allowed_to_post_reactions: 25.0% (5 of 20 failed)
TestMessengerCommunitiesTokenPermissionsSuite/TestViewChannelPermissions: 25.0% (5 of 20 failed)
TestCreateWallet: 20.0% (4 of 20 failed)
TestMessengerCommunitiesTokenPermissionsSuite/TestEditTokenPermission: 20.0% (4 of 20 failed)
TestMessengerCommunitiesTokenPermissionsSuite/TestReevaluateMemberTokenMasterRoleInOpenCommunity: 20.0% (4 of 20 failed)
TestMessengerCommunitiesTokenPermissionsSuite/TestJoinCommunityAsMemberWithMemberAndAdminPermission: 15.0% (3 of 20 failed)
TestMessengerCommunitiesTokenPermissionsSuite/TestImportDecryptedArchiveMessages: 15.0% (3 of 20 failed)
TestMessengerPushNotificationSuite/TestContactCode: 15.0% (3 of 20 failed)
TestMessengerPushNotificationSuite/TestReceivePushNotification: 15.0% (3 of 20 failed)
TestMessengerPushNotificationSuite/TestReceivePushNotificationCommunityRequest: 15.0% (3 of 20 failed)
TestMessengerPushNotificationSuite/TestReceivePushNotificationFromContactOnly: 15.0% (3 of 20 failed)
TestMessengerPushNotificationSuite/TestReceivePushNotificationMention: 15.0% (3 of 20 failed)
TestMessengerPushNotificationSuite/TestReceivePushNotificationPairedDevices: 15.0% (3 of 20 failed)
TestMessengerPushNotificationSuite/TestReceivePushNotificationRetries: 15.0% (3 of 20 failed)
TestMessengerPushNotificationSuite: 15.0% (3 of 20 failed)
TestMessengerCommunitiesTokenPermissionsSuite/TestReevaluateMemberAdminRoleInClosedCommunity: 10.0% (2 of 20 failed)
Test_removeBalanceHistoryOnEventAccountRemoved: 5.0% (1 of 20 failed)
TestCircuitBreaker_ExecuteMultipleFallbacksFailButLastSuccessStress: 5.0% (1 of 20 failed)
TestMessengerRawMessageResendTestSuite/TestMessageSent: 5.0% (1 of 20 failed)
TestMessengerRawMessageResendTestSuite: 5.0% (1 of 20 failed)
TestMessengerCommunitiesSignersSuite/TestSyncTokenGatedCommunity/community_with_token_ownership: 5.0% (1 of 20 failed)
TestMessengerCommunitiesSignersSuite/TestSyncTokenGatedCommunity: 5.0% (1 of 20 failed)
TestMessengerCommunitiesSignersSuite: 5.0% (1 of 20 failed)
TestMessengerCommunitiesSuite/TestPostToCommunityChat: 5.0% (1 of 20 failed)
TestMessengerCommunitiesSuite: 5.0% (1 of 20 failed)
TestMessengerDeleteMessageForMeSuite/TestDeleteMessageForMe: 5.0% (1 of 20 failed)
TestMessengerDeleteMessageForMeSuite: 5.0% (1 of 20 failed)
TestMessengerProfileDisplayNameHandlerSuite/TestDisplayNameSync: 5.0% (1 of 20 failed)
TestMessengerProfileDisplayNameHandlerSuite: 5.0% (1 of 20 failed)
TestMessengerSendImagesAlbumSuite/TestAlbumImageEditText: 5.0% (1 of 20 failed)
TestMessengerSendImagesAlbumSuite: 5.0% (1 of 20 failed)
TestMessengerStoreNodeRequestSuite/TestRequestProfileInfo: 5.0% (1 of 20 failed)
TestMessengerStoreNodeRequestSuite: 5.0% (1 of 20 failed)